<?xml version="1.0" encoding="UTF-8"?>
<!-- Generated by org.testng.reporters.JUnitReportReporter -->
<testsuite hostname="Art-Samir" failures="0" tests="7" name="restAssured.CryptoWalletServer" time="10.294" errors="0" timestamp="28 Jun 2024 08:59:10 GMT" skipped="0">
  <testcase classname="restAssured.CryptoWalletServer" name="registeruser" time="4.880"/>
  <testcase classname="restAssured.CryptoWalletServer" name="loginuser" time="0.977"/>
  <testcase classname="restAssured.CryptoWalletServer" name="balance" time="0.961"/>
  <testcase classname="restAssured.CryptoWalletServer" name="transaction" time="0.871"/>
  <testcase classname="restAssured.CryptoWalletServer" name="transferTrans" time="0.886"/>
  <testcase classname="restAssured.CryptoWalletServer" name="calculateTrans" time="0.869"/>
  <testcase classname="restAssured.CryptoWalletServer" name="getExchangeRate" time="0.850"/>
</testsuite> <!-- restAssured.CryptoWalletServer -->
